  main.cpp
c:\users\msysstu022\desktop\nsp2018\nsp2018\main.cpp(83): warning C4477: 'printf' : 書式文字列 '%d' には、型 'int' の引数が必要ですが、可変個引数 1 は型 '__int64' です
  c:\users\msysstu022\desktop\nsp2018\nsp2018\main.cpp(83): note: 書式文字列に '%lld' を使用することをお勧めします
  c:\users\msysstu022\desktop\nsp2018\nsp2018\main.cpp(83): note: 書式文字列に '%Id' を使用することをお勧めします
  c:\users\msysstu022\desktop\nsp2018\nsp2018\main.cpp(83): note: 書式文字列に '%I64d' を使用することをお勧めします
c:\users\msysstu022\desktop\nsp2018\nsp2018\main.cpp(105): warning C4477: 'printf' : 書式文字列 '%d' には、型 'int' の引数が必要ですが、可変個引数 1 は型 '__int64' です
  c:\users\msysstu022\desktop\nsp2018\nsp2018\main.cpp(105): note: 書式文字列に '%lld' を使用することをお勧めします
  c:\users\msysstu022\desktop\nsp2018\nsp2018\main.cpp(105): note: 書式文字列に '%Id' を使用することをお勧めします
  c:\users\msysstu022\desktop\nsp2018\nsp2018\main.cpp(105): note: 書式文字列に '%I64d' を使用することをお勧めします
c:\users\msysstu022\desktop\nsp2018\nsp2018\main.cpp(126): warning C4477: 'printf' : 書式文字列 '%d' には、型 'int' の引数が必要ですが、可変個引数 1 は型 '__int64' です
  c:\users\msysstu022\desktop\nsp2018\nsp2018\main.cpp(126): note: 書式文字列に '%lld' を使用することをお勧めします
  c:\users\msysstu022\desktop\nsp2018\nsp2018\main.cpp(126): note: 書式文字列に '%Id' を使用することをお勧めします
  c:\users\msysstu022\desktop\nsp2018\nsp2018\main.cpp(126): note: 書式文字列に '%I64d' を使用することをお勧めします
c:\users\msysstu022\desktop\nsp2018\nsp2018\main.cpp(129): warning C4477: 'printf' : 書式文字列 '%d' には、型 'int' の引数が必要ですが、可変個引数 1 は型 '__int64' です
  c:\users\msysstu022\desktop\nsp2018\nsp2018\main.cpp(129): note: 書式文字列に '%lld' を使用することをお勧めします
  c:\users\msysstu022\desktop\nsp2018\nsp2018\main.cpp(129): note: 書式文字列に '%Id' を使用することをお勧めします
  c:\users\msysstu022\desktop\nsp2018\nsp2018\main.cpp(129): note: 書式文字列に '%I64d' を使用することをお勧めします
c:\users\msysstu022\desktop\nsp2018\nsp2018\main.cpp(152): warning C4477: 'printf' : 書式文字列 '%d' には、型 'int' の引数が必要ですが、可変個引数 1 は型 '__int64' です
  c:\users\msysstu022\desktop\nsp2018\nsp2018\main.cpp(152): note: 書式文字列に '%lld' を使用することをお勧めします
  c:\users\msysstu022\desktop\nsp2018\nsp2018\main.cpp(152): note: 書式文字列に '%Id' を使用することをお勧めします
  c:\users\msysstu022\desktop\nsp2018\nsp2018\main.cpp(152): note: 書式文字列に '%I64d' を使用することをお勧めします
  コードを生成中...
  コンパイル中...
  roster.cpp
  neighbour.cpp
c:\users\msysstu022\desktop\nsp2018\nsp2018\neighbour.cpp(334): warning C4477: 'printf' : 書式文字列 '%d' には、型 'int' の引数が必要ですが、可変個引数 1 は型 '__int64' です
  c:\users\msysstu022\desktop\nsp2018\nsp2018\neighbour.cpp(334): note: 書式文字列に '%lld' を使用することをお勧めします
  c:\users\msysstu022\desktop\nsp2018\nsp2018\neighbour.cpp(334): note: 書式文字列に '%Id' を使用することをお勧めします
  c:\users\msysstu022\desktop\nsp2018\nsp2018\neighbour.cpp(334): note: 書式文字列に '%I64d' を使用することをお勧めします
c:\users\msysstu022\desktop\nsp2018\nsp2018\neighbour.cpp(378): warning C4477: 'printf' : 書式文字列 '%d' には、型 'int' の引数が必要ですが、可変個引数 1 は型 '__int64' です
  c:\users\msysstu022\desktop\nsp2018\nsp2018\neighbour.cpp(378): note: 書式文字列に '%lld' を使用することをお勧めします
  c:\users\msysstu022\desktop\nsp2018\nsp2018\neighbour.cpp(378): note: 書式文字列に '%Id' を使用することをお勧めします
  c:\users\msysstu022\desktop\nsp2018\nsp2018\neighbour.cpp(378): note: 書式文字列に '%I64d' を使用することをお勧めします
  input.cpp
  initial.cpp
c:\users\msysstu022\desktop\nsp2018\nsp2018\initial.cpp(47): warning C4101: 'best': ローカル変数は 1 度も使われていません。
c:\users\msysstu022\desktop\nsp2018\nsp2018\initial.cpp(91): warning C4244: '初期化中': '__int64' から 'int' への変換です。データが失われる可能性があります。
c:\users\msysstu022\desktop\nsp2018\nsp2018\initial.cpp(139): warning C4244: '初期化中': '__int64' から 'int' への変換です。データが失われる可能性があります。
  feasibility.cpp
c:\users\msysstu022\desktop\nsp2018\nsp2018\feasibility.cpp(161): warning C4244: '初期化中': '__int64' から 'int' への変換です。データが失われる可能性があります。
  evaluate.cpp
  コードを生成中...
  NSP2018.vcxproj -> C:\Users\msysstu022\Desktop\NSP2018\x64\Debug\NSP2018.exe
  NSP2018.vcxproj -> C:\Users\msysstu022\Desktop\NSP2018\x64\Debug\NSP2018.pdb (Partial PDB)
