c:\users\郁也\desktop\nsp2018\nsp2018\x64\debug\vc120.pdb
c:\users\郁也\desktop\nsp2018\nsp2018\x64\debug\vc120.idb
c:\users\郁也\desktop\nsp2018\nsp2018\x64\debug\evaluate.obj
c:\users\郁也\desktop\nsp2018\nsp2018\x64\debug\feasibility.obj
c:\users\郁也\desktop\nsp2018\nsp2018\x64\debug\initial.obj
c:\users\郁也\desktop\nsp2018\nsp2018\x64\debug\main.obj
c:\users\郁也\desktop\nsp2018\nsp2018\x64\debug\neighbour.obj
c:\users\郁也\desktop\nsp2018\nsp2018\x64\debug\roster.obj
c:\users\郁也\desktop\nsp2018\nsp2018\x64\debug\input.obj
c:\users\郁也\desktop\nsp2018\x64\debug\nsp2018.ilk
c:\users\郁也\desktop\nsp2018\x64\debug\nsp2018.exe
c:\users\郁也\desktop\nsp2018\nsp2018\x64\debug\vc141.idb
c:\users\郁也\desktop\nsp2018\nsp2018\x64\debug\vc141.pdb
c:\users\郁也\desktop\nsp2018\x64\debug\nsp2018.pdb
c:\users\郁也\desktop\nsp2018\nsp2018\x64\debug\nsp2018.tlog\cl.command.1.tlog
c:\users\郁也\desktop\nsp2018\nsp2018\x64\debug\nsp2018.tlog\cl.read.1.tlog
c:\users\郁也\desktop\nsp2018\nsp2018\x64\debug\nsp2018.tlog\cl.write.1.tlog
c:\users\郁也\desktop\nsp2018\nsp2018\x64\debug\nsp2018.tlog\link.command.1.tlog
c:\users\郁也\desktop\nsp2018\nsp2018\x64\debug\nsp2018.tlog\link.read.1.tlog
c:\users\郁也\desktop\nsp2018\nsp2018\x64\debug\nsp2018.tlog\link.write.1.tlog
